<?xml version="1.0" encoding="UTF-8"?>
<!-- Generated by org.testng.reporters.JUnitReportReporter -->
<testsuite hostname="kumar" failures="0" tests="2" name="TestNG.com.TestngAnnotation" time="0.008" errors="0" timestamp="2021-08-10T15:02:44 IST" skipped="0">
  <testcase classname="TestNG.com.TestngAnnotation" name="test1" time="0.004"/>
  <system-out/>
  <testcase classname="TestNG.com.TestngAnnotation" name="test" time="0.004"/>
  <system-out/>
</testsuite> <!-- TestNG.com.TestngAnnotation -->
