<?xml version="1.0" encoding="UTF-8"?>
<!-- Generated by org.testng.reporters.JUnitReportReporter -->
<testsuite hostname="kumar" failures="0" tests="3" name="TestNG.com.Features1" time="0.005" errors="0" timestamp="2021-08-10T15:02:44 IST" skipped="0">
  <testcase classname="TestNG.com.Features1" name="registrationPage" time="0.002"/>
  <system-out/>
  <testcase classname="TestNG.com.Features1" name="homePage" time="0.001"/>
  <system-out/>
  <testcase classname="TestNG.com.Features1" name="logIn" time="0.002"/>
  <system-out/>
</testsuite> <!-- TestNG.com.Features1 -->
