<?xml version="1.0" encoding="UTF-8"?>
<!-- Generated by org.testng.reporters.JUnitReportReporter -->
<testsuite hostname="kumar" failures="0" tests="6" name="com.DataDriven.DataDrivenOnRegistration" time="104.758" errors="0" timestamp="2021-08-29T14:03:13 IST" skipped="0">
  <testcase classname="com.DataDriven.DataDrivenOnRegistration" name="RegistrationPage" time="10.876"/>
  <system-out/>
  <testcase classname="com.DataDriven.DataDrivenOnRegistration" name="RegistrationPage" time="11.389"/>
  <system-out/>
  <testcase classname="com.DataDriven.DataDrivenOnRegistration" name="RegistrationPage" time="9.739"/>
  <system-out/>
  <testcase classname="com.DataDriven.DataDrivenOnRegistration" name="RegistrationPage" time="12.459"/>
  <system-out/>
  <testcase classname="com.DataDriven.DataDrivenOnRegistration" name="RegistrationPage" time="33.830"/>
  <system-out/>
  <testcase classname="com.DataDriven.DataDrivenOnRegistration" name="RegistrationPage" time="26.465"/>
  <system-out/>
</testsuite> <!-- com.DataDriven.DataDrivenOnRegistration -->
