<?xml version="1.0" encoding="UTF-8"?>
<!-- Generated by org.testng.reporters.JUnitReportReporter -->
<testsuite hostname="kumar" failures="0" tests="3" name="TestNG.com.PriroityGroupsAndDependence" time="0.019" errors="0" timestamp="2021-08-10T13:07:00 IST" skipped="0">
  <testcase classname="TestNG.com.PriroityGroupsAndDependence" name="registrationPage" time="0.003"/>
  <system-out/>
  <testcase classname="TestNG.com.PriroityGroupsAndDependence" name="homePage" time="0.002"/>
  <system-out/>
  <testcase classname="TestNG.com.PriroityGroupsAndDependence" name="logIn" time="0.014"/>
  <system-out/>
</testsuite> <!-- TestNG.com.PriroityGroupsAndDependence -->
