<?xml version="1.0" encoding="UTF-8"?>
<!-- Generated by org.testng.reporters.JUnitReportReporter -->
<testsuite hostname="kumar" failures="0" tests="2" name="TestNG.com.Features2" time="0.010" errors="0" timestamp="2021-08-10T15:02:44 IST" skipped="0">
  <testcase classname="TestNG.com.Features2" name="Assertiontest" time="0.005"/>
  <system-out/>
  <testcase classname="TestNG.com.Features2" name="handlingExpection" time="0.005"/>
  <system-out/>
</testsuite> <!-- TestNG.com.Features2 -->
