<?xml version="1.0" encoding="UTF-8"?>
<!-- Generated by org.testng.reporters.JUnitReportReporter -->
<testsuite hostname="kumar" failures="0" tests="1" name="TestNG.com.AboutParametersFeature" time="13.992" errors="0" timestamp="2021-08-10T20:16:17 IST" skipped="0">
  <testcase classname="TestNG.com.AboutParametersFeature" name="emailLogin" time="13.992"/>
  <system-out/>
</testsuite> <!-- TestNG.com.AboutParametersFeature -->
