<?xml version="1.0" encoding="UTF-8"?>
<!-- Generated by org.testng.reporters.JUnitReportReporter -->
<testsuite hostname="kumar" failures="0" tests="2" name="TestNG.com.AnnotationApply" time="14.373" errors="0" timestamp="2021-08-10T15:02:44 IST" skipped="0">
  <testcase classname="TestNG.com.AnnotationApply" name="googleLogTest" time="6.151"/>
  <system-out/>
  <testcase classname="TestNG.com.AnnotationApply" name="getTitle" time="8.222"/>
  <system-out/>
</testsuite> <!-- TestNG.com.AnnotationApply -->
